[29-Jun-2016 15:09:53 UTC] PHP Warning:  Invalid argument supplied for foreach() in /home/ubuntu/workspace/eddie/homework/HomeworkLotto.php on line 27
[29-Jun-2016 15:09:53 UTC] PHP Stack trace:
[29-Jun-2016 15:09:53 UTC] PHP   1. {main}() /home/ubuntu/workspace/eddie/homework/HomeworkLotto.php:0
[30-Jun-2016 02:04:46 UTC] PHP Fatal error:  Class 'Login' not found in /home/ubuntu/workspace/eddie/Project/homepage.php on line 2
[30-Jun-2016 02:04:46 UTC] PHP Stack trace:
[30-Jun-2016 02:04:46 UTC] PHP   1. {main}() /home/ubuntu/workspace/eddie/Project/homepage.php:0
[30-Jun-2016 02:55:14 UTC] PHP Fatal error:  Call to undefined method Logout::logoutDecide() in /home/ubuntu/workspace/eddie/Project/homepage.php on line 11
[30-Jun-2016 02:55:14 UTC] PHP Stack trace:
[30-Jun-2016 02:55:14 UTC] PHP   1. {main}() /home/ubuntu/workspace/eddie/Project/homepage.php:0
[30-Jun-2016 02:57:28 UTC] PHP Fatal error:  Call to undefined method Logout::logoutDecide() in /home/ubuntu/workspace/eddie/Project/homepage.php on line 11
[30-Jun-2016 02:57:28 UTC] PHP Stack trace:
[30-Jun-2016 02:57:28 UTC] PHP   1. {main}() /home/ubuntu/workspace/eddie/Project/homepage.php:0
[30-Jun-2016 03:43:22 UTC] PHP Fatal error:  Call to undefined method Login::loginDecide() in /home/ubuntu/workspace/eddie/Project/homepage.php on line 6
[30-Jun-2016 03:43:22 UTC] PHP Stack trace:
[30-Jun-2016 03:43:22 UTC] PHP   1. {main}() /home/ubuntu/workspace/eddie/Project/homepage.php:0
[30-Jun-2016 03:43:25 UTC] PHP Fatal error:  Call to undefined method Login::loginDecide() in /home/ubuntu/workspace/eddie/Project/homepage.php on line 6
[30-Jun-2016 03:43:25 UTC] PHP Stack trace:
[30-Jun-2016 03:43:25 UTC] PHP   1. {main}() /home/ubuntu/workspace/eddie/Project/homepage.php:0
[30-Jun-2016 03:43:36 UTC] PHP Fatal error:  Call to undefined method Login::loginDecide() in /home/ubuntu/workspace/eddie/Project/homepage.php on line 6
[30-Jun-2016 03:43:36 UTC] PHP Stack trace:
[30-Jun-2016 03:43:36 UTC] PHP   1. {main}() /home/ubuntu/workspace/eddie/Project/homepage.php:0
[30-Jun-2016 03:43:50 UTC] PHP Fatal error:  Call to undefined method Login::loginDecide() in /home/ubuntu/workspace/eddie/Project/homepage.php on line 6
[30-Jun-2016 03:43:50 UTC] PHP Stack trace:
[30-Jun-2016 03:43:50 UTC] PHP   1. {main}() /home/ubuntu/workspace/eddie/Project/homepage.php:0
[30-Jun-2016 03:43:53 UTC] PHP Fatal error:  Call to undefined method Login::loginDecide() in /home/ubuntu/workspace/eddie/Project/homepage.php on line 6
[30-Jun-2016 03:43:53 UTC] PHP Stack trace:
[30-Jun-2016 03:43:53 UTC] PHP   1. {main}() /home/ubuntu/workspace/eddie/Project/homepage.php:0
[30-Jun-2016 09:01:10 UTC] PHP Fatal error:  Non-static method Login::login() cannot be called statically in /home/ubuntu/workspace/eddie/Project/homepage.php on line 7
[30-Jun-2016 09:01:10 UTC] PHP Stack trace:
[30-Jun-2016 09:01:10 UTC] PHP   1. {main}() /home/ubuntu/workspace/eddie/Project/homepage.php:0
[30-Jun-2016 09:01:42 UTC] PHP Warning:  The use statement with non-compound name 'Login' has no effect in /home/ubuntu/workspace/eddie/Project/homepage.php on line 4
[30-Jun-2016 09:01:42 UTC] PHP Fatal error:  Non-static method Login::login() cannot be called statically in /home/ubuntu/workspace/eddie/Project/homepage.php on line 8
[30-Jun-2016 09:01:42 UTC] PHP Stack trace:
[30-Jun-2016 09:01:42 UTC] PHP   1. {main}() /home/ubuntu/workspace/eddie/Project/homepage.php:0
